# JRE version: OpenJDK Runtime Environment Temurin-17.0.10+7 (17.0.10+7) (build 17.0.10+7)
# Java VM: OpenJDK 64-Bit Server VM Temurin-17.0.10+7 (17.0.10+7, mixed mode, tiered, compressed oops, compressed class ptrs, parallel gc, windows-amd64)
GC Precious Log:
 CPUs: 12 total, 12 available
 Memory: 7502M
 Large Page Support: Disabled
 NUMA Support: Disabled
 Compressed Oops: Enabled (32-bit)
 Alignments: Space 512K, Generation 512K, Heap 2M
 Heap Min Capacity: 100M
 Heap Initial Capacity: 100M
 Heap Max Capacity: 1G
 Pre-touch: Disabled
 Parallel Workers: 10
Heap:
 PSYoungGen      total 18944K, used 14187K [0x00000000eab00000, 0x00000000ebf80000, 0x0000000100000000)
  eden space 18432K, 75% used [0x00000000eab00000,0x00000000eb88ade8,0x00000000ebd00000)
  from space 512K, 62% used [0x00000000ebf00000,0x00000000ebf50000,0x00000000ebf80000)
  to   space 512K, 0% used [0x00000000ebe80000,0x00000000ebe80000,0x00000000ebf00000)
 ParOldGen       total 68608K, used 54966K [0x00000000c0000000, 0x00000000c4300000, 0x00000000eab00000)
  object space 68608K, 80% used [0x00000000c0000000,0x00000000c35ad968,0x00000000c4300000)
 Metaspace       used 76653K, committed 77824K, reserved 1179648K
  class space    used 9138K, committed 9664K, reserved 1048576K
GC Heap History (20 events):
Event: 39.925 GC heap before
{Heap before GC invocations=72 (full 3):
 PSYoungGen      total 20480K, used 20160K [0x00000000eab00000, 0x00000000ec100000, 0x0000000100000000)
  eden space 19968K, 100% used [0x00000000eab00000,0x00000000ebe80000,0x00000000ebe80000)
  from space 512K, 37% used [0x00000000ec080000,0x00000000ec0b0000,0x00000000ec100000)
  to   space 512K, 0% used [0x00000000ec000000,0x00000000ec000000,0x00000000ec080000)
 ParOldGen       total 68608K, used 50652K [0x00000000c0000000, 0x00000000c4300000, 0x00000000eab00000)
  object space 68608K, 73% used [0x00000000c0000000,0x00000000c3177168,0x00000000c4300000)
 Metaspace       used 67735K, committed 68928K, reserved 1114112K
  class space    used 8256K, committed 8832K, reserved 1048576K
}
Event: 39.926 GC heap after
{Heap after GC invocations=72 (full 3):
 PSYoungGen      total 20480K, used 320K [0x00000000eab00000, 0x00000000ec100000, 0x0000000100000000)
  eden space 19968K, 0% used [0x00000000eab00000,0x00000000eab00000,0x00000000ebe80000)
  from space 512K, 62% used [0x00000000ec000000,0x00000000ec050000,0x00000000ec080000)
  to   space 512K, 0% used [0x00000000ec080000,0x00000000ec080000,0x00000000ec100000)
 ParOldGen       total 68608K, used 50660K [0x00000000c0000000, 0x00000000c4300000, 0x00000000eab00000)
  object space 68608K, 73% used [0x00000000c0000000,0x00000000c3179168,0x00000000c4300000)
 Metaspace       used 67735K, committed 68928K, reserved 1114112K
  class space    used 8256K, committed 8832K, reserved 1048576K
}
Event: 40.081 GC heap before
{Heap before GC invocations=73 (full 3):
 PSYoungGen      total 20480K, used 20278K [0x00000000eab00000, 0x00000000ec100000, 0x0000000100000000)
  eden space 19968K, 99% used [0x00000000eab00000,0x00000000ebe7d988,0x00000000ebe80000)
  from space 512K, 62% used [0x00000000ec000000,0x00000000ec050000,0x00000000ec080000)
  to   space 512K, 0% used [0x00000000ec080000,0x00000000ec080000,0x00000000ec100000)
 ParOldGen       total 68608K, used 50660K [0x00000000c0000000, 0x00000000c4300000, 0x00000000eab00000)
  object space 68608K, 73% used [0x00000000c0000000,0x00000000c3179168,0x00000000c4300000)
 Metaspace       used 68358K, committed 69568K, reserved 1114112K
  class space    used 8315K, committed 8896K, reserved 1048576K
}
Event: 40.083 GC heap after
{Heap after GC invocations=73 (full 3):
 PSYoungGen      total 20480K, used 481K [0x00000000eab00000, 0x00000000ec180000, 0x0000000100000000)
  eden space 19968K, 0% used [0x00000000eab00000,0x00000000eab00000,0x00000000ebe80000)
  from space 512K, 94% used [0x00000000ec080000,0x00000000ec0f8710,0x00000000ec100000)
  to   space 1536K, 0% used [0x00000000ebe80000,0x00000000ebe80000,0x00000000ec000000)
 ParOldGen       total 68608K, used 51371K [0x00000000c0000000, 0x00000000c4300000, 0x00000000eab00000)
  object space 68608K, 74% used [0x00000000c0000000,0x00000000c322ae50,0x00000000c4300000)
 Metaspace       used 68358K, committed 69568K, reserved 1114112K
  class space    used 8315K, committed 8896K, reserved 1048576K
}
Event: 183.602 GC heap before
{Heap before GC invocations=74 (full 3):
 PSYoungGen      total 20480K, used 20443K [0x00000000eab00000, 0x00000000ec180000, 0x0000000100000000)
  eden space 19968K, 99% used [0x00000000eab00000,0x00000000ebe7e650,0x00000000ebe80000)
  from space 512K, 94% used [0x00000000ec080000,0x00000000ec0f8710,0x00000000ec100000)
  to   space 1536K, 0% used [0x00000000ebe80000,0x00000000ebe80000,0x00000000ec000000)
 ParOldGen       total 68608K, used 51371K [0x00000000c0000000, 0x00000000c4300000, 0x00000000eab00000)
  object space 68608K, 74% used [0x00000000c0000000,0x00000000c322ae50,0x00000000c4300000)
 Metaspace       used 70986K, committed 72192K, reserved 1114112K
  class space    used 8574K, committed 9152K, reserved 1048576K
}
Event: 183.653 GC heap after
{Heap after GC invocations=74 (full 3):
 PSYoungGen      total 21504K, used 691K [0x00000000eab00000, 0x00000000ec100000, 0x0000000100000000)
  eden space 19968K, 0% used [0x00000000eab00000,0x00000000eab00000,0x00000000ebe80000)
  from space 1536K, 45% used [0x00000000ebe80000,0x00000000ebf2cdb8,0x00000000ec000000)
  to   space 1024K, 0% used [0x00000000ec000000,0x00000000ec000000,0x00000000ec100000)
 ParOldGen       total 68608K, used 51734K [0x00000000c0000000, 0x00000000c4300000, 0x00000000eab00000)
  object space 68608K, 75% used [0x00000000c0000000,0x00000000c3285938,0x00000000c4300000)
 Metaspace       used 70986K, committed 72192K, reserved 1114112K
  class space    used 8574K, committed 9152K, reserved 1048576K
}
Event: 184.059 GC heap before
{Heap before GC invocations=75 (full 3):
 PSYoungGen      total 21504K, used 20659K [0x00000000eab00000, 0x00000000ec100000, 0x0000000100000000)
  eden space 19968K, 100% used [0x00000000eab00000,0x00000000ebe80000,0x00000000ebe80000)
  from space 1536K, 45% used [0x00000000ebe80000,0x00000000ebf2cdb8,0x00000000ec000000)
  to   space 1024K, 0% used [0x00000000ec000000,0x00000000ec000000,0x00000000ec100000)
 ParOldGen       total 68608K, used 51734K [0x00000000c0000000, 0x00000000c4300000, 0x00000000eab00000)
  object space 68608K, 75% used [0x00000000c0000000,0x00000000c3285938,0x00000000c4300000)
 Metaspace       used 71362K, committed 72576K, reserved 1114112K
  class space    used 8612K, committed 9152K, reserved 1048576K
}
Event: 184.065 GC heap after
{Heap after GC invocations=75 (full 3):
 PSYoungGen      total 19456K, used 1004K [0x00000000eab00000, 0x00000000ec480000, 0x0000000100000000)
  eden space 18432K, 0% used [0x00000000eab00000,0x00000000eab00000,0x00000000ebd00000)
  from space 1024K, 98% used [0x00000000ec000000,0x00000000ec0fb260,0x00000000ec100000)
  to   space 3072K, 0% used [0x00000000ebd00000,0x00000000ebd00000,0x00000000ec000000)
 ParOldGen       total 68608K, used 53063K [0x00000000c0000000, 0x00000000c4300000, 0x00000000eab00000)
  object space 68608K, 77% used [0x00000000c0000000,0x00000000c33d1fb8,0x00000000c4300000)
 Metaspace       used 71362K, committed 72576K, reserved 1114112K
  class space    used 8612K, committed 9152K, reserved 1048576K
}
Event: 184.213 GC heap before
{Heap before GC invocations=76 (full 3):
 PSYoungGen      total 19456K, used 19436K [0x00000000eab00000, 0x00000000ec480000, 0x0000000100000000)
  eden space 18432K, 100% used [0x00000000eab00000,0x00000000ebd00000,0x00000000ebd00000)
  from space 1024K, 98% used [0x00000000ec000000,0x00000000ec0fb260,0x00000000ec100000)
  to   space 3072K, 0% used [0x00000000ebd00000,0x00000000ebd00000,0x00000000ec000000)
 ParOldGen       total 68608K, used 53063K [0x00000000c0000000, 0x00000000c4300000, 0x00000000eab00000)
  object space 68608K, 77% used [0x00000000c0000000,0x00000000c33d1fb8,0x00000000c4300000)
 Metaspace       used 71890K, committed 73152K, reserved 1114112K
  class space    used 8663K, committed 9216K, reserved 1048576K
}
Event: 184.215 GC heap after
{Heap after GC invocations=76 (full 3):
 PSYoungGen      total 18944K, used 288K [0x00000000eab00000, 0x00000000ec080000, 0x0000000100000000)
  eden space 18432K, 0% used [0x00000000eab00000,0x00000000eab00000,0x00000000ebd00000)
  from space 512K, 56% used [0x00000000ebd00000,0x00000000ebd48000,0x00000000ebd80000)
  to   space 1536K, 0% used [0x00000000ebf00000,0x00000000ebf00000,0x00000000ec080000)
 ParOldGen       total 68608K, used 53263K [0x00000000c0000000, 0x00000000c4300000, 0x00000000eab00000)
  object space 68608K, 77% used [0x00000000c0000000,0x00000000c3403fb8,0x00000000c4300000)
 Metaspace       used 71890K, committed 73152K, reserved 1114112K
  class space    used 8663K, committed 9216K, reserved 1048576K
}
Event: 185.148 GC heap before
{Heap before GC invocations=77 (full 3):
 PSYoungGen      total 18944K, used 18720K [0x00000000eab00000, 0x00000000ec080000, 0x0000000100000000)
  eden space 18432K, 100% used [0x00000000eab00000,0x00000000ebd00000,0x00000000ebd00000)
  from space 512K, 56% used [0x00000000ebd00000,0x00000000ebd48000,0x00000000ebd80000)
  to   space 1536K, 0% used [0x00000000ebf00000,0x00000000ebf00000,0x00000000ec080000)
 ParOldGen       total 68608K, used 53263K [0x00000000c0000000, 0x00000000c4300000, 0x00000000eab00000)
  object space 68608K, 77% used [0x00000000c0000000,0x00000000c3403fb8,0x00000000c4300000)
 Metaspace       used 72968K, committed 74176K, reserved 1114112K
  class space    used 8790K, committed 9344K, reserved 1048576K
}
Event: 185.150 GC heap after
{Heap after GC invocations=77 (full 3):
 PSYoungGen      total 18944K, used 480K [0x00000000eab00000, 0x00000000ebf80000, 0x0000000100000000)
  eden space 18432K, 0% used [0x00000000eab00000,0x00000000eab00000,0x00000000ebd00000)
  from space 512K, 93% used [0x00000000ebf00000,0x00000000ebf78010,0x00000000ebf80000)
  to   space 1024K, 0% used [0x00000000ebd80000,0x00000000ebd80000,0x00000000ebe80000)
 ParOldGen       total 68608K, used 53327K [0x00000000c0000000, 0x00000000c4300000, 0x00000000eab00000)
  object space 68608K, 77% used [0x00000000c0000000,0x00000000c3413fb8,0x00000000c4300000)
 Metaspace       used 72968K, committed 74176K, reserved 1114112K
  class space    used 8790K, committed 9344K, reserved 1048576K
}
Event: 185.752 GC heap before
{Heap before GC invocations=78 (full 3):
 PSYoungGen      total 18944K, used 18912K [0x00000000eab00000, 0x00000000ebf80000, 0x0000000100000000)
  eden space 18432K, 100% used [0x00000000eab00000,0x00000000ebd00000,0x00000000ebd00000)
  from space 512K, 93% used [0x00000000ebf00000,0x00000000ebf78010,0x00000000ebf80000)
  to   space 1024K, 0% used [0x00000000ebd80000,0x00000000ebd80000,0x00000000ebe80000)
 ParOldGen       total 68608K, used 53328K [0x00000000c0000000, 0x00000000c4300000, 0x00000000eab00000)
  object space 68608K, 77% used [0x00000000c0000000,0x00000000c3414030,0x00000000c4300000)
 Metaspace       used 74223K, committed 75456K, reserved 1179648K
  class space    used 8911K, committed 9472K, reserved 1048576K
}
Event: 185.757 GC heap after
{Heap after GC invocations=78 (full 3):
 PSYoungGen      total 19456K, used 1001K [0x00000000eab00000, 0x00000000ec200000, 0x0000000100000000)
  eden space 18432K, 0% used [0x00000000eab00000,0x00000000eab00000,0x00000000ebd00000)
  from space 1024K, 97% used [0x00000000ebd80000,0x00000000ebe7a660,0x00000000ebe80000)
  to   space 2560K, 0% used [0x00000000ebf80000,0x00000000ebf80000,0x00000000ec200000)
 ParOldGen       total 68608K, used 54202K [0x00000000c0000000, 0x00000000c4300000, 0x00000000eab00000)
  object space 68608K, 79% used [0x00000000c0000000,0x00000000c34ee8a0,0x00000000c4300000)
 Metaspace       used 74223K, committed 75456K, reserved 1179648K
  class space    used 8911K, committed 9472K, reserved 1048576K
}
Event: 186.223 GC heap before
{Heap before GC invocations=79 (full 3):
 PSYoungGen      total 19456K, used 19433K [0x00000000eab00000, 0x00000000ec200000, 0x0000000100000000)
  eden space 18432K, 100% used [0x00000000eab00000,0x00000000ebd00000,0x00000000ebd00000)
  from space 1024K, 97% used [0x00000000ebd80000,0x00000000ebe7a660,0x00000000ebe80000)
  to   space 2560K, 0% used [0x00000000ebf80000,0x00000000ebf80000,0x00000000ec200000)
 ParOldGen       total 68608K, used 54206K [0x00000000c0000000, 0x00000000c4300000, 0x00000000eab00000)
  object space 68608K, 79% used [0x00000000c0000000,0x00000000c34efb38,0x00000000c4300000)
 Metaspace       used 75269K, committed 76480K, reserved 1179648K
  class space    used 9024K, committed 9600K, reserved 1048576K
}
Event: 186.225 GC heap after
{Heap after GC invocations=79 (full 3):
 PSYoungGen      total 19456K, used 830K [0x00000000eab00000, 0x00000000ec080000, 0x0000000100000000)
  eden space 18432K, 0% used [0x00000000eab00000,0x00000000eab00000,0x00000000ebd00000)
  from space 1024K, 81% used [0x00000000ebf80000,0x00000000ec04fa70,0x00000000ec080000)
  to   space 1536K, 0% used [0x00000000ebd80000,0x00000000ebd80000,0x00000000ebf00000)
 ParOldGen       total 68608K, used 54475K [0x00000000c0000000, 0x00000000c4300000, 0x00000000eab00000)
  object space 68608K, 79% used [0x00000000c0000000,0x00000000c3532db0,0x00000000c4300000)
 Metaspace       used 75269K, committed 76480K, reserved 1179648K
  class space    used 9024K, committed 9600K, reserved 1048576K
}
Event: 189.167 GC heap before
{Heap before GC invocations=80 (full 3):
 PSYoungGen      total 19456K, used 19262K [0x00000000eab00000, 0x00000000ec080000, 0x0000000100000000)
  eden space 18432K, 100% used [0x00000000eab00000,0x00000000ebd00000,0x00000000ebd00000)
  from space 1024K, 81% used [0x00000000ebf80000,0x00000000ec04fa70,0x00000000ec080000)
  to   space 1536K, 0% used [0x00000000ebd80000,0x00000000ebd80000,0x00000000ebf00000)
 ParOldGen       total 68608K, used 54475K [0x00000000c0000000, 0x00000000c4300000, 0x00000000eab00000)
  object space 68608K, 79% used [0x00000000c0000000,0x00000000c3532db0,0x00000000c4300000)
 Metaspace       used 75962K, committed 77184K, reserved 1179648K
  class space    used 9059K, committed 9600K, reserved 1048576K
}
Event: 189.169 GC heap after
{Heap after GC invocations=80 (full 3):
 PSYoungGen      total 19968K, used 608K [0x00000000eab00000, 0x00000000ec000000, 0x0000000100000000)
  eden space 18432K, 0% used [0x00000000eab00000,0x00000000eab00000,0x00000000ebd00000)
  from space 1536K, 39% used [0x00000000ebd80000,0x00000000ebe18020,0x00000000ebf00000)
  to   space 1024K, 0% used [0x00000000ebf00000,0x00000000ebf00000,0x00000000ec000000)
 ParOldGen       total 68608K, used 54798K [0x00000000c0000000, 0x00000000c4300000, 0x00000000eab00000)
  object space 68608K, 79% used [0x00000000c0000000,0x00000000c3583948,0x00000000c4300000)
 Metaspace       used 75962K, committed 77184K, reserved 1179648K
  class space    used 9059K, committed 9600K, reserved 1048576K
}
Event: 1244.463 GC heap before
{Heap before GC invocations=81 (full 3):
 PSYoungGen      total 19968K, used 19040K [0x00000000eab00000, 0x00000000ec000000, 0x0000000100000000)
  eden space 18432K, 100% used [0x00000000eab00000,0x00000000ebd00000,0x00000000ebd00000)
  from space 1536K, 39% used [0x00000000ebd80000,0x00000000ebe18020,0x00000000ebf00000)
  to   space 1024K, 0% used [0x00000000ebf00000,0x00000000ebf00000,0x00000000ec000000)
 ParOldGen       total 68608K, used 54798K [0x00000000c0000000, 0x00000000c4300000, 0x00000000eab00000)
  object space 68608K, 79% used [0x00000000c0000000,0x00000000c3583948,0x00000000c4300000)
 Metaspace       used 76404K, committed 77632K, reserved 1179648K
  class space    used 9113K, committed 9664K, reserved 1048576K
}
Event: 1244.525 GC heap after
{Heap after GC invocations=81 (full 3):
 PSYoungGen      total 18944K, used 320K [0x00000000eab00000, 0x00000000ebf80000, 0x0000000100000000)
  eden space 18432K, 0% used [0x00000000eab00000,0x00000000eab00000,0x00000000ebd00000)
  from space 512K, 62% used [0x00000000ebf00000,0x00000000ebf50000,0x00000000ebf80000)
  to   space 512K, 0% used [0x00000000ebe80000,0x00000000ebe80000,0x00000000ebf00000)
 ParOldGen       total 68608K, used 54966K [0x00000000c0000000, 0x00000000c4300000, 0x00000000eab00000)
  object space 68608K, 80% used [0x00000000c0000000,0x00000000c35ad968,0x00000000c4300000)
 Metaspace       used 76404K, committed 77632K, reserved 1179648K
  class space    used 9113K, committed 9664K, reserved 1048576K
}

