# JRE version: OpenJDK Runtime Environment Temurin-17.0.10+7 (17.0.10+7) (build 17.0.10+7)
# Java VM: OpenJDK 64-Bit Server VM Temurin-17.0.10+7 (17.0.10+7, mixed mode, tiered, compressed oops, compressed class ptrs, parallel gc, windows-amd64)
GC Precious Log:
 CPUs: 12 total, 12 available
 Memory: 7502M
 Large Page Support: Disabled
 NUMA Support: Disabled
 Compressed Oops: Enabled (32-bit)
 Alignments: Space 512K, Generation 512K, Heap 2M
 Heap Min Capacity: 100M
 Heap Initial Capacity: 100M
 Heap Max Capacity: 1G
 Pre-touch: Disabled
 Parallel Workers: 10
Heap:
 PSYoungGen      total 17408K, used 15056K [0x00000000eab00000, 0x00000000ebe80000, 0x0000000100000000)
  eden space 15360K, 95% used [0x00000000eab00000,0x00000000eb95c228,0x00000000eba00000)
  from space 2048K, 17% used [0x00000000ebb00000,0x00000000ebb58000,0x00000000ebd00000)
  to   space 1024K, 0% used [0x00000000ebd80000,0x00000000ebd80000,0x00000000ebe80000)
 ParOldGen       total 68608K, used 41262K [0x00000000c0000000, 0x00000000c4300000, 0x00000000eab00000)
  object space 68608K, 60% used [0x00000000c0000000,0x00000000c284ba18,0x00000000c4300000)
 Metaspace       used 55521K, committed 56448K, reserved 1114112K
  class space    used 6246K, committed 6656K, reserved 1048576K
GC Heap History (20 events):
Event: 10.622 GC heap before
{Heap before GC invocations=20 (full 2):
 PSYoungGen      total 24576K, used 24421K [0x00000000eab00000, 0x00000000ec780000, 0x0000000100000000)
  eden space 20992K, 100% used [0x00000000eab00000,0x00000000ebf80000,0x00000000ebf80000)
  from space 3584K, 95% used [0x00000000ebf80000,0x00000000ec2d9788,0x00000000ec300000)
  to   space 4096K, 0% used [0x00000000ec380000,0x00000000ec380000,0x00000000ec780000)
 ParOldGen       total 68608K, used 19727K [0x00000000c0000000, 0x00000000c4300000, 0x00000000eab00000)
  object space 68608K, 28% used [0x00000000c0000000,0x00000000c1343c08,0x00000000c4300000)
 Metaspace       used 52856K, committed 53824K, reserved 1114112K
  class space    used 5833K, committed 6208K, reserved 1048576K
}
Event: 10.628 GC heap after
{Heap after GC invocations=20 (full 2):
 PSYoungGen      total 19456K, used 4084K [0x00000000eab00000, 0x00000000ed280000, 0x0000000100000000)
  eden space 15360K, 0% used [0x00000000eab00000,0x00000000eab00000,0x00000000eba00000)
  from space 4096K, 99% used [0x00000000ec380000,0x00000000ec77d308,0x00000000ec780000)
  to   space 9728K, 0% used [0x00000000eba00000,0x00000000eba00000,0x00000000ec380000)
 ParOldGen       total 68608K, used 24263K [0x00000000c0000000, 0x00000000c4300000, 0x00000000eab00000)
  object space 68608K, 35% used [0x00000000c0000000,0x00000000c17b1f48,0x00000000c4300000)
 Metaspace       used 52856K, committed 53824K, reserved 1114112K
  class space    used 5833K, committed 6208K, reserved 1048576K
}
Event: 10.716 GC heap before
{Heap before GC invocations=21 (full 2):
 PSYoungGen      total 19456K, used 19444K [0x00000000eab00000, 0x00000000ed280000, 0x0000000100000000)
  eden space 15360K, 100% used [0x00000000eab00000,0x00000000eba00000,0x00000000eba00000)
  from space 4096K, 99% used [0x00000000ec380000,0x00000000ec77d308,0x00000000ec780000)
  to   space 9728K, 0% used [0x00000000eba00000,0x00000000eba00000,0x00000000ec380000)
 ParOldGen       total 68608K, used 24263K [0x00000000c0000000, 0x00000000c4300000, 0x00000000eab00000)
  object space 68608K, 35% used [0x00000000c0000000,0x00000000c17b1f48,0x00000000c4300000)
 Metaspace       used 53019K, committed 53952K, reserved 1114112K
  class space    used 5850K, committed 6208K, reserved 1048576K
}
Event: 10.720 GC heap after
{Heap after GC invocations=21 (full 2):
 PSYoungGen      total 17920K, used 2538K [0x00000000eab00000, 0x00000000ec400000, 0x0000000100000000)
  eden space 15360K, 0% used [0x00000000eab00000,0x00000000eab00000,0x00000000eba00000)
  from space 2560K, 99% used [0x00000000eba00000,0x00000000ebc7a868,0x00000000ebc80000)
  to   space 5120K, 0% used [0x00000000ebf00000,0x00000000ebf00000,0x00000000ec400000)
 ParOldGen       total 68608K, used 28337K [0x00000000c0000000, 0x00000000c4300000, 0x00000000eab00000)
  object space 68608K, 41% used [0x00000000c0000000,0x00000000c1bac6f0,0x00000000c4300000)
 Metaspace       used 53019K, committed 53952K, reserved 1114112K
  class space    used 5850K, committed 6208K, reserved 1048576K
}
Event: 10.790 GC heap before
{Heap before GC invocations=22 (full 2):
 PSYoungGen      total 17920K, used 17898K [0x00000000eab00000, 0x00000000ec400000, 0x0000000100000000)
  eden space 15360K, 100% used [0x00000000eab00000,0x00000000eba00000,0x00000000eba00000)
  from space 2560K, 99% used [0x00000000eba00000,0x00000000ebc7a868,0x00000000ebc80000)
  to   space 5120K, 0% used [0x00000000ebf00000,0x00000000ebf00000,0x00000000ec400000)
 ParOldGen       total 68608K, used 28337K [0x00000000c0000000, 0x00000000c4300000, 0x00000000eab00000)
  object space 68608K, 41% used [0x00000000c0000000,0x00000000c1bac6f0,0x00000000c4300000)
 Metaspace       used 53170K, committed 54144K, reserved 1114112K
  class space    used 5874K, committed 6272K, reserved 1048576K
}
Event: 10.793 GC heap after
{Heap after GC invocations=22 (full 2):
 PSYoungGen      total 17408K, used 1881K [0x00000000eab00000, 0x00000000ec100000, 0x0000000100000000)
  eden space 15360K, 0% used [0x00000000eab00000,0x00000000eab00000,0x00000000eba00000)
  from space 2048K, 91% used [0x00000000ebf00000,0x00000000ec0d6530,0x00000000ec100000)
  to   space 2560K, 0% used [0x00000000ebc00000,0x00000000ebc00000,0x00000000ebe80000)
 ParOldGen       total 68608K, used 30651K [0x00000000c0000000, 0x00000000c4300000, 0x00000000eab00000)
  object space 68608K, 44% used [0x00000000c0000000,0x00000000c1deec60,0x00000000c4300000)
 Metaspace       used 53170K, committed 54144K, reserved 1114112K
  class space    used 5874K, committed 6272K, reserved 1048576K
}
Event: 10.860 GC heap before
{Heap before GC invocations=23 (full 2):
 PSYoungGen      total 17408K, used 17241K [0x00000000eab00000, 0x00000000ec100000, 0x0000000100000000)
  eden space 15360K, 100% used [0x00000000eab00000,0x00000000eba00000,0x00000000eba00000)
  from space 2048K, 91% used [0x00000000ebf00000,0x00000000ec0d6530,0x00000000ec100000)
  to   space 2560K, 0% used [0x00000000ebc00000,0x00000000ebc00000,0x00000000ebe80000)
 ParOldGen       total 68608K, used 30651K [0x00000000c0000000, 0x00000000c4300000, 0x00000000eab00000)
  object space 68608K, 44% used [0x00000000c0000000,0x00000000c1deec60,0x00000000c4300000)
 Metaspace       used 53483K, committed 54400K, reserved 1114112K
  class space    used 5929K, committed 6336K, reserved 1048576K
}
Event: 10.863 GC heap after
{Heap after GC invocations=23 (full 2):
 PSYoungGen      total 17408K, used 1856K [0x00000000eab00000, 0x00000000ebf80000, 0x0000000100000000)
  eden space 15360K, 0% used [0x00000000eab00000,0x00000000eab00000,0x00000000eba00000)
  from space 2048K, 90% used [0x00000000ebc00000,0x00000000ebdd0010,0x00000000ebe00000)
  to   space 1536K, 0% used [0x00000000ebe00000,0x00000000ebe00000,0x00000000ebf80000)
 ParOldGen       total 68608K, used 32388K [0x00000000c0000000, 0x00000000c4300000, 0x00000000eab00000)
  object space 68608K, 47% used [0x00000000c0000000,0x00000000c1fa13c8,0x00000000c4300000)
 Metaspace       used 53483K, committed 54400K, reserved 1114112K
  class space    used 5929K, committed 6336K, reserved 1048576K
}
Event: 10.901 GC heap before
{Heap before GC invocations=24 (full 2):
 PSYoungGen      total 17408K, used 17216K [0x00000000eab00000, 0x00000000ebf80000, 0x0000000100000000)
  eden space 15360K, 100% used [0x00000000eab00000,0x00000000eba00000,0x00000000eba00000)
  from space 2048K, 90% used [0x00000000ebc00000,0x00000000ebdd0010,0x00000000ebe00000)
  to   space 1536K, 0% used [0x00000000ebe00000,0x00000000ebe00000,0x00000000ebf80000)
 ParOldGen       total 68608K, used 32388K [0x00000000c0000000, 0x00000000c4300000, 0x00000000eab00000)
  object space 68608K, 47% used [0x00000000c0000000,0x00000000c1fa13c8,0x00000000c4300000)
 Metaspace       used 53646K, committed 54592K, reserved 1114112K
  class space    used 5964K, committed 6336K, reserved 1048576K
}
Event: 10.904 GC heap after
{Heap after GC invocations=24 (full 2):
 PSYoungGen      total 16896K, used 1536K [0x00000000eab00000, 0x00000000ec100000, 0x0000000100000000)
  eden space 15360K, 0% used [0x00000000eab00000,0x00000000eab00000,0x00000000eba00000)
  from space 1536K, 100% used [0x00000000ebe00000,0x00000000ebf80000,0x00000000ebf80000)
  to   space 3584K, 0% used [0x00000000eba00000,0x00000000eba00000,0x00000000ebd80000)
 ParOldGen       total 68608K, used 34131K [0x00000000c0000000, 0x00000000c4300000, 0x00000000eab00000)
  object space 68608K, 49% used [0x00000000c0000000,0x00000000c2154dc8,0x00000000c4300000)
 Metaspace       used 53646K, committed 54592K, reserved 1114112K
  class space    used 5964K, committed 6336K, reserved 1048576K
}
Event: 10.947 GC heap before
{Heap before GC invocations=25 (full 2):
 PSYoungGen      total 16896K, used 16896K [0x00000000eab00000, 0x00000000ec100000, 0x0000000100000000)
  eden space 15360K, 100% used [0x00000000eab00000,0x00000000eba00000,0x00000000eba00000)
  from space 1536K, 100% used [0x00000000ebe00000,0x00000000ebf80000,0x00000000ebf80000)
  to   space 3584K, 0% used [0x00000000eba00000,0x00000000eba00000,0x00000000ebd80000)
 ParOldGen       total 68608K, used 34131K [0x00000000c0000000, 0x00000000c4300000, 0x00000000eab00000)
  object space 68608K, 49% used [0x00000000c0000000,0x00000000c2154dc8,0x00000000c4300000)
 Metaspace       used 53728K, committed 54720K, reserved 1114112K
  class space    used 5972K, committed 6400K, reserved 1048576K
}
Event: 10.950 GC heap after
{Heap after GC invocations=25 (full 2):
 PSYoungGen      total 17408K, used 1760K [0x00000000eab00000, 0x00000000ebf00000, 0x0000000100000000)
  eden space 15360K, 0% used [0x00000000eab00000,0x00000000eab00000,0x00000000eba00000)
  from space 2048K, 85% used [0x00000000eba00000,0x00000000ebbb8000,0x00000000ebc00000)
  to   space 2560K, 0% used [0x00000000ebc80000,0x00000000ebc80000,0x00000000ebf00000)
 ParOldGen       total 68608K, used 35643K [0x00000000c0000000, 0x00000000c4300000, 0x00000000eab00000)
  object space 68608K, 51% used [0x00000000c0000000,0x00000000c22cedc8,0x00000000c4300000)
 Metaspace       used 53728K, committed 54720K, reserved 1114112K
  class space    used 5972K, committed 6400K, reserved 1048576K
}
Event: 10.992 GC heap before
{Heap before GC invocations=26 (full 2):
 PSYoungGen      total 17408K, used 17120K [0x00000000eab00000, 0x00000000ebf00000, 0x0000000100000000)
  eden space 15360K, 100% used [0x00000000eab00000,0x00000000eba00000,0x00000000eba00000)
  from space 2048K, 85% used [0x00000000eba00000,0x00000000ebbb8000,0x00000000ebc00000)
  to   space 2560K, 0% used [0x00000000ebc80000,0x00000000ebc80000,0x00000000ebf00000)
 ParOldGen       total 68608K, used 35643K [0x00000000c0000000, 0x00000000c4300000, 0x00000000eab00000)
  object space 68608K, 51% used [0x00000000c0000000,0x00000000c22cedc8,0x00000000c4300000)
 Metaspace       used 53896K, committed 54848K, reserved 1114112K
  class space    used 6003K, committed 6400K, reserved 1048576K
}
Event: 10.996 GC heap after
{Heap after GC invocations=26 (full 2):
 PSYoungGen      total 17408K, used 1856K [0x00000000eab00000, 0x00000000ebe80000, 0x0000000100000000)
  eden space 15360K, 0% used [0x00000000eab00000,0x00000000eab00000,0x00000000eba00000)
  from space 2048K, 90% used [0x00000000ebc80000,0x00000000ebe50010,0x00000000ebe80000)
  to   space 2048K, 0% used [0x00000000eba00000,0x00000000eba00000,0x00000000ebc00000)
 ParOldGen       total 68608K, used 37283K [0x00000000c0000000, 0x00000000c4300000, 0x00000000eab00000)
  object space 68608K, 54% used [0x00000000c0000000,0x00000000c2468dc8,0x00000000c4300000)
 Metaspace       used 53896K, committed 54848K, reserved 1114112K
  class space    used 6003K, committed 6400K, reserved 1048576K
}
Event: 11.114 GC heap before
{Heap before GC invocations=27 (full 2):
 PSYoungGen      total 17408K, used 17216K [0x00000000eab00000, 0x00000000ebe80000, 0x0000000100000000)
  eden space 15360K, 100% used [0x00000000eab00000,0x00000000eba00000,0x00000000eba00000)
  from space 2048K, 90% used [0x00000000ebc80000,0x00000000ebe50010,0x00000000ebe80000)
  to   space 2048K, 0% used [0x00000000eba00000,0x00000000eba00000,0x00000000ebc00000)
 ParOldGen       total 68608K, used 37283K [0x00000000c0000000, 0x00000000c4300000, 0x00000000eab00000)
  object space 68608K, 54% used [0x00000000c0000000,0x00000000c2468dc8,0x00000000c4300000)
 Metaspace       used 54433K, committed 55360K, reserved 1114112K
  class space    used 6082K, committed 6464K, reserved 1048576K
}
Event: 11.117 GC heap after
{Heap after GC invocations=27 (full 2):
 PSYoungGen      total 17408K, used 2035K [0x00000000eab00000, 0x00000000ec200000, 0x0000000100000000)
  eden space 15360K, 0% used [0x00000000eab00000,0x00000000eab00000,0x00000000eba00000)
  from space 2048K, 99% used [0x00000000eba00000,0x00000000ebbfcea0,0x00000000ebc00000)
  to   space 4096K, 0% used [0x00000000ebe00000,0x00000000ebe00000,0x00000000ec200000)
 ParOldGen       total 68608K, used 38929K [0x00000000c0000000, 0x00000000c4300000, 0x00000000eab00000)
  object space 68608K, 56% used [0x00000000c0000000,0x00000000c2604658,0x00000000c4300000)
 Metaspace       used 54433K, committed 55360K, reserved 1114112K
  class space    used 6082K, committed 6464K, reserved 1048576K
}
Event: 11.401 GC heap before
{Heap before GC invocations=28 (full 2):
 PSYoungGen      total 17408K, used 17395K [0x00000000eab00000, 0x00000000ec200000, 0x0000000100000000)
  eden space 15360K, 100% used [0x00000000eab00000,0x00000000eba00000,0x00000000eba00000)
  from space 2048K, 99% used [0x00000000eba00000,0x00000000ebbfcea0,0x00000000ebc00000)
  to   space 4096K, 0% used [0x00000000ebe00000,0x00000000ebe00000,0x00000000ec200000)
 ParOldGen       total 68608K, used 38929K [0x00000000c0000000, 0x00000000c4300000, 0x00000000eab00000)
  object space 68608K, 56% used [0x00000000c0000000,0x00000000c2604658,0x00000000c4300000)
 Metaspace       used 55328K, committed 56256K, reserved 1114112K
  class space    used 6207K, committed 6592K, reserved 1048576K
}
Event: 11.404 GC heap after
{Heap after GC invocations=28 (full 2):
 PSYoungGen      total 16384K, used 576K [0x00000000eab00000, 0x00000000ebf00000, 0x0000000100000000)
  eden space 15360K, 0% used [0x00000000eab00000,0x00000000eab00000,0x00000000eba00000)
  from space 1024K, 56% used [0x00000000ebe00000,0x00000000ebe90000,0x00000000ebf00000)
  to   space 2048K, 0% used [0x00000000ebb00000,0x00000000ebb00000,0x00000000ebd00000)
 ParOldGen       total 68608K, used 40821K [0x00000000c0000000, 0x00000000c4300000, 0x00000000eab00000)
  object space 68608K, 59% used [0x00000000c0000000,0x00000000c27dd668,0x00000000c4300000)
 Metaspace       used 55328K, committed 56256K, reserved 1114112K
  class space    used 6207K, committed 6592K, reserved 1048576K
}
Event: 12.160 GC heap before
{Heap before GC invocations=29 (full 2):
 PSYoungGen      total 16384K, used 15936K [0x00000000eab00000, 0x00000000ebf00000, 0x0000000100000000)
  eden space 15360K, 100% used [0x00000000eab00000,0x00000000eba00000,0x00000000eba00000)
  from space 1024K, 56% used [0x00000000ebe00000,0x00000000ebe90000,0x00000000ebf00000)
  to   space 2048K, 0% used [0x00000000ebb00000,0x00000000ebb00000,0x00000000ebd00000)
 ParOldGen       total 68608K, used 40821K [0x00000000c0000000, 0x00000000c4300000, 0x00000000eab00000)
  object space 68608K, 59% used [0x00000000c0000000,0x00000000c27dd668,0x00000000c4300000)
 Metaspace       used 55348K, committed 56256K, reserved 1114112K
  class space    used 6207K, committed 6592K, reserved 1048576K
}
Event: 12.161 GC heap after
{Heap after GC invocations=29 (full 2):
 PSYoungGen      total 17408K, used 352K [0x00000000eab00000, 0x00000000ebe80000, 0x0000000100000000)
  eden space 15360K, 0% used [0x00000000eab00000,0x00000000eab00000,0x00000000eba00000)
  from space 2048K, 17% used [0x00000000ebb00000,0x00000000ebb58000,0x00000000ebd00000)
  to   space 1024K, 0% used [0x00000000ebd80000,0x00000000ebd80000,0x00000000ebe80000)
 ParOldGen       total 68608K, used 41262K [0x00000000c0000000, 0x00000000c4300000, 0x00000000eab00000)
  object space 68608K, 60% used [0x00000000c0000000,0x00000000c284ba18,0x00000000c4300000)
 Metaspace       used 55348K, committed 56256K, reserved 1114112K
  class space    used 6207K, committed 6592K, reserved 1048576K
}

